<?xml version="1.0" encoding="UTF-8"?>
<!-- Generated by org.testng.reporters.JUnitXMLReporter -->
<testsuite ignored="0" hostname="soc-5CG21221ZG" failures="1" tests="1" name="Default test" time="0.793" errors="0" timestamp="2025-01-27T13:37:54 IST">
  <testcase classname="io.cucumber.testng.AbstractTestNGCucumberTests" name="runScenario" time="0.212">
    <failure type="java.lang.NullPointerException" message="Cannot invoke &amp;quot;org.openqa.selenium.WebDriver.get(String)&amp;quot; because &amp;quot;this.driver&amp;quot; is null">
      <![CDATA[java.lang.NullPointerException: Cannot invoke "org.openqa.selenium.WebDriver.get(String)" because "this.driver" is null
at StepDefination.Steps.user_open_urlwebShine(Steps.java:88)
at ✽.User open URL Web Shine(file:///C:/Users/oyadavx/eclipse-workspace/RunWithAuto/src/test/java/FeaturesWeb/ShineUpdate.feature:7)
]]>
    </failure>
  </testcase> <!-- runScenario -->
</testsuite> <!-- Default test -->
